<?xml version="1.0" encoding="UTF-8"?>
<testsuite xmlns:xsi="http://www.w3.org/2001/XMLSchema-instance" xsi:noNamespaceSchemaLocation="https://maven.apache.org/surefire/maven-surefire-plugin/xsd/surefire-test-report.xsd" version="3.0.2" name="com.yilena.yilenastudysystem.YilenaStudySystemApplicationTests" time="3.364" tests="1" errors="0" skipped="0" failures="0">
  <properties>
    <property name="java.specification.version" value="23"/>
    <property name="sun.cpu.isalist" value="amd64"/>
    <property name="sun.jnu.encoding" value="GBK"/>
    <property name="java.class.path" value="F:\YilenaCode\Project of Yliena\YilenaStudySystem\target\test-classes;F:\YilenaCode\Project of Yliena\YilenaStudySystem\target\classes;F:\apache-maven-3.9.9-bin\apache-maven-3.9.9\repo\org\springframework\boot\spring-boot-starter-web\3.4.2\spring-boot-starter-web-3.4.2.jar;F:\apache-maven-3.9.9-bin\apache-maven-3.9.9\repo\org\springframework\boot\spring-boot-starter\3.4.2\spring-boot-starter-3.4.2.jar;F:\apache-maven-3.9.9-bin\apache-maven-3.9.9\repo\org\springframework\boot\spring-boot\3.4.2\spring-boot-3.4.2.jar;F:\apache-maven-3.9.9-bin\apache-maven-3.9.9\repo\org\springframework\boot\spring-boot-autoconfigure\3.4.2\spring-boot-autoconfigure-3.4.2.jar;F:\apache-maven-3.9.9-bin\apache-maven-3.9.9\repo\org\springframework\boot\spring-boot-starter-logging\3.4.2\spring-boot-starter-logging-3.4.2.jar;F:\apache-maven-3.9.9-bin\apache-maven-3.9.9\repo\ch\qos\logback\logback-classic\1.5.16\logback-classic-1.5.16.jar;F:\apache-maven-3.9.9-bin\apache-maven-3.9.9\repo\ch\qos\logback\logback-core\1.5.16\logback-core-1.5.16.jar;F:\apache-maven-3.9.9-bin\apache-maven-3.9.9\repo\org\apache\logging\log4j\log4j-to-slf4j\2.24.3\log4j-to-slf4j-2.24.3.jar;F:\apache-maven-3.9.9-bin\apache-maven-3.9.9\repo\org\apache\logging\log4j\log4j-api\2.24.3\log4j-api-2.24.3.jar;F:\apache-maven-3.9.9-bin\apache-maven-3.9.9\repo\org\slf4j\jul-to-slf4j\2.0.16\jul-to-slf4j-2.0.16.jar;F:\apache-maven-3.9.9-bin\apache-maven-3.9.9\repo\jakarta\annotation\jakarta.annotation-api\2.1.1\jakarta.annotation-api-2.1.1.jar;F:\apache-maven-3.9.9-bin\apache-maven-3.9.9\repo\org\yaml\snakeyaml\2.3\snakeyaml-2.3.jar;F:\apache-maven-3.9.9-bin\apache-maven-3.9.9\repo\org\springframework\boot\spring-boot-starter-json\3.4.2\spring-boot-starter-json-3.4.2.jar;F:\apache-maven-3.9.9-bin\apache-maven-3.9.9\repo\com\fasterxml\jackson\datatype\jackson-datatype-jdk8\2.18.2\jackson-datatype-jdk8-2.18.2.jar;F:\apache-maven-3.9.9-bin\apache-maven-3.9.9\repo\com\fasterxml\jackson\datatype\jackson-datatype-jsr310\2.18.2\jackson-datatype-jsr310-2.18.2.jar;F:\apache-maven-3.9.9-bin\apache-maven-3.9.9\repo\com\fasterxml\jackson\module\jackson-module-parameter-names\2.18.2\jackson-module-parameter-names-2.18.2.jar;F:\apache-maven-3.9.9-bin\apache-maven-3.9.9\repo\org\springframework\boot\spring-boot-starter-tomcat\3.4.2\spring-boot-starter-tomcat-3.4.2.jar;F:\apache-maven-3.9.9-bin\apache-maven-3.9.9\repo\org\apache\tomcat\embed\tomcat-embed-core\10.1.34\tomcat-embed-core-10.1.34.jar;F:\apache-maven-3.9.9-bin\apache-maven-3.9.9\repo\org\apache\tomcat\embed\tomcat-embed-el\10.1.34\tomcat-embed-el-10.1.34.jar;F:\apache-maven-3.9.9-bin\apache-maven-3.9.9\repo\org\apache\tomcat\embed\tomcat-embed-websocket\10.1.34\tomcat-embed-websocket-10.1.34.jar;F:\apache-maven-3.9.9-bin\apache-maven-3.9.9\repo\org\springframework\spring-web\6.2.2\spring-web-6.2.2.jar;F:\apache-maven-3.9.9-bin\apache-maven-3.9.9\repo\org\springframework\spring-beans\6.2.2\spring-beans-6.2.2.jar;F:\apache-maven-3.9.9-bin\apache-maven-3.9.9\repo\io\micrometer\micrometer-observation\1.14.3\micrometer-observation-1.14.3.jar;F:\apache-maven-3.9.9-bin\apache-maven-3.9.9\repo\io\micrometer\micrometer-commons\1.14.3\micrometer-commons-1.14.3.jar;F:\apache-maven-3.9.9-bin\apache-maven-3.9.9\repo\org\springframework\spring-webmvc\6.2.2\spring-webmvc-6.2.2.jar;F:\apache-maven-3.9.9-bin\apache-maven-3.9.9\repo\org\springframework\spring-context\6.2.2\spring-context-6.2.2.jar;F:\apache-maven-3.9.9-bin\apache-maven-3.9.9\repo\org\springframework\spring-expression\6.2.2\spring-expression-6.2.2.jar;F:\apache-maven-3.9.9-bin\apache-maven-3.9.9\repo\org\mybatis\spring\boot\mybatis-spring-boot-starter\3.0.4\mybatis-spring-boot-starter-3.0.4.jar;F:\apache-maven-3.9.9-bin\apache-maven-3.9.9\repo\org\springframework\boot\spring-boot-starter-jdbc\3.4.2\spring-boot-starter-jdbc-3.4.2.jar;F:\apache-maven-3.9.9-bin\apache-maven-3.9.9\repo\com\zaxxer\HikariCP\5.1.0\HikariCP-5.1.0.jar;F:\apache-maven-3.9.9-bin\apache-maven-3.9.9\repo\org\springframework\spring-jdbc\6.2.2\spring-jdbc-6.2.2.jar;F:\apache-maven-3.9.9-bin\apache-maven-3.9.9\repo\org\mybatis\spring\boot\mybatis-spring-boot-autoconfigure\3.0.4\mybatis-spring-boot-autoconfigure-3.0.4.jar;F:\apache-maven-3.9.9-bin\apache-maven-3.9.9\repo\org\mybatis\mybatis\3.5.17\mybatis-3.5.17.jar;F:\apache-maven-3.9.9-bin\apache-maven-3.9.9\repo\org\mybatis\mybatis-spring\3.0.4\mybatis-spring-3.0.4.jar;F:\apache-maven-3.9.9-bin\apache-maven-3.9.9\repo\com\mysql\mysql-connector-j\9.1.0\mysql-connector-j-9.1.0.jar;F:\apache-maven-3.9.9-bin\apache-maven-3.9.9\repo\org\projectlombok\lombok\1.18.30\lombok-1.18.30.jar;F:\apache-maven-3.9.9-bin\apache-maven-3.9.9\repo\org\springframework\boot\spring-boot-starter-test\3.4.2\spring-boot-starter-test-3.4.2.jar;F:\apache-maven-3.9.9-bin\apache-maven-3.9.9\repo\org\springframework\boot\spring-boot-test\3.4.2\spring-boot-test-3.4.2.jar;F:\apache-maven-3.9.9-bin\apache-maven-3.9.9\repo\org\springframework\boot\spring-boot-test-autoconfigure\3.4.2\spring-boot-test-autoconfigure-3.4.2.jar;F:\apache-maven-3.9.9-bin\apache-maven-3.9.9\repo\com\jayway\jsonpath\json-path\2.9.0\json-path-2.9.0.jar;F:\apache-maven-3.9.9-bin\apache-maven-3.9.9\repo\org\slf4j\slf4j-api\2.0.16\slf4j-api-2.0.16.jar;F:\apache-maven-3.9.9-bin\apache-maven-3.9.9\repo\jakarta\xml\bind\jakarta.xml.bind-api\4.0.2\jakarta.xml.bind-api-4.0.2.jar;F:\apache-maven-3.9.9-bin\apache-maven-3.9.9\repo\jakarta\activation\jakarta.activation-api\2.1.3\jakarta.activation-api-2.1.3.jar;F:\apache-maven-3.9.9-bin\apache-maven-3.9.9\repo\net\minidev\json-smart\2.5.1\json-smart-2.5.1.jar;F:\apache-maven-3.9.9-bin\apache-maven-3.9.9\repo\net\minidev\accessors-smart\2.5.1\accessors-smart-2.5.1.jar;F:\apache-maven-3.9.9-bin\apache-maven-3.9.9\repo\org\ow2\asm\asm\9.6\asm-9.6.jar;F:\apache-maven-3.9.9-bin\apache-maven-3.9.9\repo\org\assertj\assertj-core\3.26.3\assertj-core-3.26.3.jar;F:\apache-maven-3.9.9-bin\apache-maven-3.9.9\repo\net\bytebuddy\byte-buddy\1.15.11\byte-buddy-1.15.11.jar;F:\apache-maven-3.9.9-bin\apache-maven-3.9.9\repo\org\awaitility\awaitility\4.2.2\awaitility-4.2.2.jar;F:\apache-maven-3.9.9-bin\apache-maven-3.9.9\repo\org\hamcrest\hamcrest\2.2\hamcrest-2.2.jar;F:\apache-maven-3.9.9-bin\apache-maven-3.9.9\repo\org\junit\jupiter\junit-jupiter\5.11.4\junit-jupiter-5.11.4.jar;F:\apache-maven-3.9.9-bin\apache-maven-3.9.9\repo\org\junit\jupiter\junit-jupiter-api\5.11.4\junit-jupiter-api-5.11.4.jar;F:\apache-maven-3.9.9-bin\apache-maven-3.9.9\repo\org\opentest4j\opentest4j\1.3.0\opentest4j-1.3.0.jar;F:\apache-maven-3.9.9-bin\apache-maven-3.9.9\repo\org\junit\platform\junit-platform-commons\1.11.4\junit-platform-commons-1.11.4.jar;F:\apache-maven-3.9.9-bin\apache-maven-3.9.9\repo\org\apiguardian\apiguardian-api\1.1.2\apiguardian-api-1.1.2.jar;F:\apache-maven-3.9.9-bin\apache-maven-3.9.9\repo\org\junit\jupiter\junit-jupiter-params\5.11.4\junit-jupiter-params-5.11.4.jar;F:\apache-maven-3.9.9-bin\apache-maven-3.9.9\repo\org\junit\jupiter\junit-jupiter-engine\5.11.4\junit-jupiter-engine-5.11.4.jar;F:\apache-maven-3.9.9-bin\apache-maven-3.9.9\repo\org\junit\platform\junit-platform-engine\1.11.4\junit-platform-engine-1.11.4.jar;F:\apache-maven-3.9.9-bin\apache-maven-3.9.9\repo\org\mockito\mockito-core\5.14.2\mockito-core-5.14.2.jar;F:\apache-maven-3.9.9-bin\apache-maven-3.9.9\repo\net\bytebuddy\byte-buddy-agent\1.15.11\byte-buddy-agent-1.15.11.jar;F:\apache-maven-3.9.9-bin\apache-maven-3.9.9\repo\org\objenesis\objenesis\3.3\objenesis-3.3.jar;F:\apache-maven-3.9.9-bin\apache-maven-3.9.9\repo\org\mockito\mockito-junit-jupiter\5.14.2\mockito-junit-jupiter-5.14.2.jar;F:\apache-maven-3.9.9-bin\apache-maven-3.9.9\repo\org\skyscreamer\jsonassert\1.5.3\jsonassert-1.5.3.jar;F:\apache-maven-3.9.9-bin\apache-maven-3.9.9\repo\com\vaadin\external\google\android-json\0.0.20131108.vaadin1\android-json-0.0.20131108.vaadin1.jar;F:\apache-maven-3.9.9-bin\apache-maven-3.9.9\repo\org\springframework\spring-core\6.2.2\spring-core-6.2.2.jar;F:\apache-maven-3.9.9-bin\apache-maven-3.9.9\repo\org\springframework\spring-jcl\6.2.2\spring-jcl-6.2.2.jar;F:\apache-maven-3.9.9-bin\apache-maven-3.9.9\repo\org\springframework\spring-test\6.2.2\spring-test-6.2.2.jar;F:\apache-maven-3.9.9-bin\apache-maven-3.9.9\repo\org\xmlunit\xmlunit-core\2.10.0\xmlunit-core-2.10.0.jar;F:\apache-maven-3.9.9-bin\apache-maven-3.9.9\repo\org\mybatis\spring\boot\mybatis-spring-boot-starter-test\3.0.4\mybatis-spring-boot-starter-test-3.0.4.jar;F:\apache-maven-3.9.9-bin\apache-maven-3.9.9\repo\org\mybatis\spring\boot\mybatis-spring-boot-test-autoconfigure\3.0.4\mybatis-spring-boot-test-autoconfigure-3.0.4.jar;F:\apache-maven-3.9.9-bin\apache-maven-3.9.9\repo\org\springframework\spring-tx\6.2.2\spring-tx-6.2.2.jar;F:\apache-maven-3.9.9-bin\apache-maven-3.9.9\repo\com\github\pagehelper\pagehelper-spring-boot-starter\1.4.7\pagehelper-spring-boot-starter-1.4.7.jar;F:\apache-maven-3.9.9-bin\apache-maven-3.9.9\repo\com\github\pagehelper\pagehelper-spring-boot-autoconfigure\1.4.7\pagehelper-spring-boot-autoconfigure-1.4.7.jar;F:\apache-maven-3.9.9-bin\apache-maven-3.9.9\repo\com\github\pagehelper\pagehelper\5.3.3\pagehelper-5.3.3.jar;F:\apache-maven-3.9.9-bin\apache-maven-3.9.9\repo\com\github\jsqlparser\jsqlparser\4.5\jsqlparser-4.5.jar;F:\apache-maven-3.9.9-bin\apache-maven-3.9.9\repo\com\aliyun\oss\aliyun-sdk-oss\3.17.4\aliyun-sdk-oss-3.17.4.jar;F:\apache-maven-3.9.9-bin\apache-maven-3.9.9\repo\org\apache\httpcomponents\httpclient\4.5.13\httpclient-4.5.13.jar;F:\apache-maven-3.9.9-bin\apache-maven-3.9.9\repo\org\apache\httpcomponents\httpcore\4.4.16\httpcore-4.4.16.jar;F:\apache-maven-3.9.9-bin\apache-maven-3.9.9\repo\commons-logging\commons-logging\1.2\commons-logging-1.2.jar;F:\apache-maven-3.9.9-bin\apache-maven-3.9.9\repo\commons-codec\commons-codec\1.17.2\commons-codec-1.17.2.jar;F:\apache-maven-3.9.9-bin\apache-maven-3.9.9\repo\org\jdom\jdom2\2.0.6.1\jdom2-2.0.6.1.jar;F:\apache-maven-3.9.9-bin\apache-maven-3.9.9\repo\org\codehaus\jettison\jettison\1.5.4\jettison-1.5.4.jar;F:\apache-maven-3.9.9-bin\apache-maven-3.9.9\repo\com\aliyun\aliyun-java-sdk-core\4.5.10\aliyun-java-sdk-core-4.5.10.jar;F:\apache-maven-3.9.9-bin\apache-maven-3.9.9\repo\com\google\code\gson\gson\2.11.0\gson-2.11.0.jar;F:\apache-maven-3.9.9-bin\apache-maven-3.9.9\repo\com\google\errorprone\error_prone_annotations\2.27.0\error_prone_annotations-2.27.0.jar;F:\apache-maven-3.9.9-bin\apache-maven-3.9.9\repo\org\jacoco\org.jacoco.agent\0.8.5\org.jacoco.agent-0.8.5-runtime.jar;F:\apache-maven-3.9.9-bin\apache-maven-3.9.9\repo\org\ini4j\ini4j\0.5.4\ini4j-0.5.4.jar;F:\apache-maven-3.9.9-bin\apache-maven-3.9.9\repo\io\opentracing\opentracing-api\0.33.0\opentracing-api-0.33.0.jar;F:\apache-maven-3.9.9-bin\apache-maven-3.9.9\repo\io\opentracing\opentracing-util\0.33.0\opentracing-util-0.33.0.jar;F:\apache-maven-3.9.9-bin\apache-maven-3.9.9\repo\io\opentracing\opentracing-noop\0.33.0\opentracing-noop-0.33.0.jar;F:\apache-maven-3.9.9-bin\apache-maven-3.9.9\repo\com\aliyun\aliyun-java-sdk-ram\3.1.0\aliyun-java-sdk-ram-3.1.0.jar;F:\apache-maven-3.9.9-bin\apache-maven-3.9.9\repo\com\aliyun\aliyun-java-sdk-kms\2.11.0\aliyun-java-sdk-kms-2.11.0.jar;F:\apache-maven-3.9.9-bin\apache-maven-3.9.9\repo\javax\xml\bind\jaxb-api\2.3.1\jaxb-api-2.3.1.jar;F:\apache-maven-3.9.9-bin\apache-maven-3.9.9\repo\javax\activation\javax.activation-api\1.2.0\javax.activation-api-1.2.0.jar;F:\apache-maven-3.9.9-bin\apache-maven-3.9.9\repo\javax\activation\activation\1.1.1\activation-1.1.1.jar;F:\apache-maven-3.9.9-bin\apache-maven-3.9.9\repo\org\glassfish\jaxb\jaxb-runtime\2.3.3\jaxb-runtime-2.3.3.jar;F:\apache-maven-3.9.9-bin\apache-maven-3.9.9\repo\org\glassfish\jaxb\txw2\4.0.5\txw2-4.0.5.jar;F:\apache-maven-3.9.9-bin\apache-maven-3.9.9\repo\com\sun\istack\istack-commons-runtime\4.1.2\istack-commons-runtime-4.1.2.jar;F:\apache-maven-3.9.9-bin\apache-maven-3.9.9\repo\com\sun\activation\jakarta.activation\1.2.2\jakarta.activation-1.2.2.jar;F:\apache-maven-3.9.9-bin\apache-maven-3.9.9\repo\io\jsonwebtoken\jjwt\0.9.1\jjwt-0.9.1.jar;F:\apache-maven-3.9.9-bin\apache-maven-3.9.9\repo\com\fasterxml\jackson\core\jackson-databind\2.18.2\jackson-databind-2.18.2.jar;F:\apache-maven-3.9.9-bin\apache-maven-3.9.9\repo\com\fasterxml\jackson\core\jackson-annotations\2.18.2\jackson-annotations-2.18.2.jar;F:\apache-maven-3.9.9-bin\apache-maven-3.9.9\repo\com\fasterxml\jackson\core\jackson-core\2.18.2\jackson-core-2.18.2.jar;F:\apache-maven-3.9.9-bin\apache-maven-3.9.9\repo\org\springframework\boot\spring-boot-starter-aop\3.4.2\spring-boot-starter-aop-3.4.2.jar;F:\apache-maven-3.9.9-bin\apache-maven-3.9.9\repo\org\springframework\spring-aop\6.2.2\spring-aop-6.2.2.jar;F:\apache-maven-3.9.9-bin\apache-maven-3.9.9\repo\org\aspectj\aspectjweaver\1.9.22.1\aspectjweaver-1.9.22.1.jar;"/>
    <property name="java.vm.vendor" value="Oracle Corporation"/>
    <property name="sun.arch.data.model" value="64"/>
    <property name="user.variant" value=""/>
    <property name="java.vendor.url" value="https://java.oracle.com/"/>
    <property name="user.timezone" value="Asia/Shanghai"/>
    <property name="os.name" value="Windows 11"/>
    <property name="java.vm.specification.version" value="23"/>
    <property name="APPLICATION_NAME" value="YYS-PROJECT-MAIN"/>
    <property name="sun.java.launcher" value="SUN_STANDARD"/>
    <property name="user.country" value="CN"/>
    <property name="sun.boot.library.path" value="F:\Java\bin"/>
    <property name="sun.java.command" value="C:\Users\Xie\AppData\Local\Temp\surefire16483419223171521631\surefirebooter-20250210141835365_3.jar C:\Users\Xie\AppData\Local\Temp\surefire16483419223171521631 2025-02-10T14-18-35_257-jvmRun1 surefire-20250210141835365_1tmp surefire_0-20250210141835365_2tmp"/>
    <property name="jdk.debug" value="release"/>
    <property name="surefire.test.class.path" value="F:\YilenaCode\Project of Yliena\YilenaStudySystem\target\test-classes;F:\YilenaCode\Project of Yliena\YilenaStudySystem\target\classes;F:\apache-maven-3.9.9-bin\apache-maven-3.9.9\repo\org\springframework\boot\spring-boot-starter-web\3.4.2\spring-boot-starter-web-3.4.2.jar;F:\apache-maven-3.9.9-bin\apache-maven-3.9.9\repo\org\springframework\boot\spring-boot-starter\3.4.2\spring-boot-starter-3.4.2.jar;F:\apache-maven-3.9.9-bin\apache-maven-3.9.9\repo\org\springframework\boot\spring-boot\3.4.2\spring-boot-3.4.2.jar;F:\apache-maven-3.9.9-bin\apache-maven-3.9.9\repo\org\springframework\boot\spring-boot-autoconfigure\3.4.2\spring-boot-autoconfigure-3.4.2.jar;F:\apache-maven-3.9.9-bin\apache-maven-3.9.9\repo\org\springframework\boot\spring-boot-starter-logging\3.4.2\spring-boot-starter-logging-3.4.2.jar;F:\apache-maven-3.9.9-bin\apache-maven-3.9.9\repo\ch\qos\logback\logback-classic\1.5.16\logback-classic-1.5.16.jar;F:\apache-maven-3.9.9-bin\apache-maven-3.9.9\repo\ch\qos\logback\logback-core\1.5.16\logback-core-1.5.16.jar;F:\apache-maven-3.9.9-bin\apache-maven-3.9.9\repo\org\apache\logging\log4j\log4j-to-slf4j\2.24.3\log4j-to-slf4j-2.24.3.jar;F:\apache-maven-3.9.9-bin\apache-maven-3.9.9\repo\org\apache\logging\log4j\log4j-api\2.24.3\log4j-api-2.24.3.jar;F:\apache-maven-3.9.9-bin\apache-maven-3.9.9\repo\org\slf4j\jul-to-slf4j\2.0.16\jul-to-slf4j-2.0.16.jar;F:\apache-maven-3.9.9-bin\apache-maven-3.9.9\repo\jakarta\annotation\jakarta.annotation-api\2.1.1\jakarta.annotation-api-2.1.1.jar;F:\apache-maven-3.9.9-bin\apache-maven-3.9.9\repo\org\yaml\snakeyaml\2.3\snakeyaml-2.3.jar;F:\apache-maven-3.9.9-bin\apache-maven-3.9.9\repo\org\springframework\boot\spring-boot-starter-json\3.4.2\spring-boot-starter-json-3.4.2.jar;F:\apache-maven-3.9.9-bin\apache-maven-3.9.9\repo\com\fasterxml\jackson\datatype\jackson-datatype-jdk8\2.18.2\jackson-datatype-jdk8-2.18.2.jar;F:\apache-maven-3.9.9-bin\apache-maven-3.9.9\repo\com\fasterxml\jackson\datatype\jackson-datatype-jsr310\2.18.2\jackson-datatype-jsr310-2.18.2.jar;F:\apache-maven-3.9.9-bin\apache-maven-3.9.9\repo\com\fasterxml\jackson\module\jackson-module-parameter-names\2.18.2\jackson-module-parameter-names-2.18.2.jar;F:\apache-maven-3.9.9-bin\apache-maven-3.9.9\repo\org\springframework\boot\spring-boot-starter-tomcat\3.4.2\spring-boot-starter-tomcat-3.4.2.jar;F:\apache-maven-3.9.9-bin\apache-maven-3.9.9\repo\org\apache\tomcat\embed\tomcat-embed-core\10.1.34\tomcat-embed-core-10.1.34.jar;F:\apache-maven-3.9.9-bin\apache-maven-3.9.9\repo\org\apache\tomcat\embed\tomcat-embed-el\10.1.34\tomcat-embed-el-10.1.34.jar;F:\apache-maven-3.9.9-bin\apache-maven-3.9.9\repo\org\apache\tomcat\embed\tomcat-embed-websocket\10.1.34\tomcat-embed-websocket-10.1.34.jar;F:\apache-maven-3.9.9-bin\apache-maven-3.9.9\repo\org\springframework\spring-web\6.2.2\spring-web-6.2.2.jar;F:\apache-maven-3.9.9-bin\apache-maven-3.9.9\repo\org\springframework\spring-beans\6.2.2\spring-beans-6.2.2.jar;F:\apache-maven-3.9.9-bin\apache-maven-3.9.9\repo\io\micrometer\micrometer-observation\1.14.3\micrometer-observation-1.14.3.jar;F:\apache-maven-3.9.9-bin\apache-maven-3.9.9\repo\io\micrometer\micrometer-commons\1.14.3\micrometer-commons-1.14.3.jar;F:\apache-maven-3.9.9-bin\apache-maven-3.9.9\repo\org\springframework\spring-webmvc\6.2.2\spring-webmvc-6.2.2.jar;F:\apache-maven-3.9.9-bin\apache-maven-3.9.9\repo\org\springframework\spring-context\6.2.2\spring-context-6.2.2.jar;F:\apache-maven-3.9.9-bin\apache-maven-3.9.9\repo\org\springframework\spring-expression\6.2.2\spring-expression-6.2.2.jar;F:\apache-maven-3.9.9-bin\apache-maven-3.9.9\repo\org\mybatis\spring\boot\mybatis-spring-boot-starter\3.0.4\mybatis-spring-boot-starter-3.0.4.jar;F:\apache-maven-3.9.9-bin\apache-maven-3.9.9\repo\org\springframework\boot\spring-boot-starter-jdbc\3.4.2\spring-boot-starter-jdbc-3.4.2.jar;F:\apache-maven-3.9.9-bin\apache-maven-3.9.9\repo\com\zaxxer\HikariCP\5.1.0\HikariCP-5.1.0.jar;F:\apache-maven-3.9.9-bin\apache-maven-3.9.9\repo\org\springframework\spring-jdbc\6.2.2\spring-jdbc-6.2.2.jar;F:\apache-maven-3.9.9-bin\apache-maven-3.9.9\repo\org\mybatis\spring\boot\mybatis-spring-boot-autoconfigure\3.0.4\mybatis-spring-boot-autoconfigure-3.0.4.jar;F:\apache-maven-3.9.9-bin\apache-maven-3.9.9\repo\org\mybatis\mybatis\3.5.17\mybatis-3.5.17.jar;F:\apache-maven-3.9.9-bin\apache-maven-3.9.9\repo\org\mybatis\mybatis-spring\3.0.4\mybatis-spring-3.0.4.jar;F:\apache-maven-3.9.9-bin\apache-maven-3.9.9\repo\com\mysql\mysql-connector-j\9.1.0\mysql-connector-j-9.1.0.jar;F:\apache-maven-3.9.9-bin\apache-maven-3.9.9\repo\org\projectlombok\lombok\1.18.30\lombok-1.18.30.jar;F:\apache-maven-3.9.9-bin\apache-maven-3.9.9\repo\org\springframework\boot\spring-boot-starter-test\3.4.2\spring-boot-starter-test-3.4.2.jar;F:\apache-maven-3.9.9-bin\apache-maven-3.9.9\repo\org\springframework\boot\spring-boot-test\3.4.2\spring-boot-test-3.4.2.jar;F:\apache-maven-3.9.9-bin\apache-maven-3.9.9\repo\org\springframework\boot\spring-boot-test-autoconfigure\3.4.2\spring-boot-test-autoconfigure-3.4.2.jar;F:\apache-maven-3.9.9-bin\apache-maven-3.9.9\repo\com\jayway\jsonpath\json-path\2.9.0\json-path-2.9.0.jar;F:\apache-maven-3.9.9-bin\apache-maven-3.9.9\repo\org\slf4j\slf4j-api\2.0.16\slf4j-api-2.0.16.jar;F:\apache-maven-3.9.9-bin\apache-maven-3.9.9\repo\jakarta\xml\bind\jakarta.xml.bind-api\4.0.2\jakarta.xml.bind-api-4.0.2.jar;F:\apache-maven-3.9.9-bin\apache-maven-3.9.9\repo\jakarta\activation\jakarta.activation-api\2.1.3\jakarta.activation-api-2.1.3.jar;F:\apache-maven-3.9.9-bin\apache-maven-3.9.9\repo\net\minidev\json-smart\2.5.1\json-smart-2.5.1.jar;F:\apache-maven-3.9.9-bin\apache-maven-3.9.9\repo\net\minidev\accessors-smart\2.5.1\accessors-smart-2.5.1.jar;F:\apache-maven-3.9.9-bin\apache-maven-3.9.9\repo\org\ow2\asm\asm\9.6\asm-9.6.jar;F:\apache-maven-3.9.9-bin\apache-maven-3.9.9\repo\org\assertj\assertj-core\3.26.3\assertj-core-3.26.3.jar;F:\apache-maven-3.9.9-bin\apache-maven-3.9.9\repo\net\bytebuddy\byte-buddy\1.15.11\byte-buddy-1.15.11.jar;F:\apache-maven-3.9.9-bin\apache-maven-3.9.9\repo\org\awaitility\awaitility\4.2.2\awaitility-4.2.2.jar;F:\apache-maven-3.9.9-bin\apache-maven-3.9.9\repo\org\hamcrest\hamcrest\2.2\hamcrest-2.2.jar;F:\apache-maven-3.9.9-bin\apache-maven-3.9.9\repo\org\junit\jupiter\junit-jupiter\5.11.4\junit-jupiter-5.11.4.jar;F:\apache-maven-3.9.9-bin\apache-maven-3.9.9\repo\org\junit\jupiter\junit-jupiter-api\5.11.4\junit-jupiter-api-5.11.4.jar;F:\apache-maven-3.9.9-bin\apache-maven-3.9.9\repo\org\opentest4j\opentest4j\1.3.0\opentest4j-1.3.0.jar;F:\apache-maven-3.9.9-bin\apache-maven-3.9.9\repo\org\junit\platform\junit-platform-commons\1.11.4\junit-platform-commons-1.11.4.jar;F:\apache-maven-3.9.9-bin\apache-maven-3.9.9\repo\org\apiguardian\apiguardian-api\1.1.2\apiguardian-api-1.1.2.jar;F:\apache-maven-3.9.9-bin\apache-maven-3.9.9\repo\org\junit\jupiter\junit-jupiter-params\5.11.4\junit-jupiter-params-5.11.4.jar;F:\apache-maven-3.9.9-bin\apache-maven-3.9.9\repo\org\junit\jupiter\junit-jupiter-engine\5.11.4\junit-jupiter-engine-5.11.4.jar;F:\apache-maven-3.9.9-bin\apache-maven-3.9.9\repo\org\junit\platform\junit-platform-engine\1.11.4\junit-platform-engine-1.11.4.jar;F:\apache-maven-3.9.9-bin\apache-maven-3.9.9\repo\org\mockito\mockito-core\5.14.2\mockito-core-5.14.2.jar;F:\apache-maven-3.9.9-bin\apache-maven-3.9.9\repo\net\bytebuddy\byte-buddy-agent\1.15.11\byte-buddy-agent-1.15.11.jar;F:\apache-maven-3.9.9-bin\apache-maven-3.9.9\repo\org\objenesis\objenesis\3.3\objenesis-3.3.jar;F:\apache-maven-3.9.9-bin\apache-maven-3.9.9\repo\org\mockito\mockito-junit-jupiter\5.14.2\mockito-junit-jupiter-5.14.2.jar;F:\apache-maven-3.9.9-bin\apache-maven-3.9.9\repo\org\skyscreamer\jsonassert\1.5.3\jsonassert-1.5.3.jar;F:\apache-maven-3.9.9-bin\apache-maven-3.9.9\repo\com\vaadin\external\google\android-json\0.0.20131108.vaadin1\android-json-0.0.20131108.vaadin1.jar;F:\apache-maven-3.9.9-bin\apache-maven-3.9.9\repo\org\springframework\spring-core\6.2.2\spring-core-6.2.2.jar;F:\apache-maven-3.9.9-bin\apache-maven-3.9.9\repo\org\springframework\spring-jcl\6.2.2\spring-jcl-6.2.2.jar;F:\apache-maven-3.9.9-bin\apache-maven-3.9.9\repo\org\springframework\spring-test\6.2.2\spring-test-6.2.2.jar;F:\apache-maven-3.9.9-bin\apache-maven-3.9.9\repo\org\xmlunit\xmlunit-core\2.10.0\xmlunit-core-2.10.0.jar;F:\apache-maven-3.9.9-bin\apache-maven-3.9.9\repo\org\mybatis\spring\boot\mybatis-spring-boot-starter-test\3.0.4\mybatis-spring-boot-starter-test-3.0.4.jar;F:\apache-maven-3.9.9-bin\apache-maven-3.9.9\repo\org\mybatis\spring\boot\mybatis-spring-boot-test-autoconfigure\3.0.4\mybatis-spring-boot-test-autoconfigure-3.0.4.jar;F:\apache-maven-3.9.9-bin\apache-maven-3.9.9\repo\org\springframework\spring-tx\6.2.2\spring-tx-6.2.2.jar;F:\apache-maven-3.9.9-bin\apache-maven-3.9.9\repo\com\github\pagehelper\pagehelper-spring-boot-starter\1.4.7\pagehelper-spring-boot-starter-1.4.7.jar;F:\apache-maven-3.9.9-bin\apache-maven-3.9.9\repo\com\github\pagehelper\pagehelper-spring-boot-autoconfigure\1.4.7\pagehelper-spring-boot-autoconfigure-1.4.7.jar;F:\apache-maven-3.9.9-bin\apache-maven-3.9.9\repo\com\github\pagehelper\pagehelper\5.3.3\pagehelper-5.3.3.jar;F:\apache-maven-3.9.9-bin\apache-maven-3.9.9\repo\com\github\jsqlparser\jsqlparser\4.5\jsqlparser-4.5.jar;F:\apache-maven-3.9.9-bin\apache-maven-3.9.9\repo\com\aliyun\oss\aliyun-sdk-oss\3.17.4\aliyun-sdk-oss-3.17.4.jar;F:\apache-maven-3.9.9-bin\apache-maven-3.9.9\repo\org\apache\httpcomponents\httpclient\4.5.13\httpclient-4.5.13.jar;F:\apache-maven-3.9.9-bin\apache-maven-3.9.9\repo\org\apache\httpcomponents\httpcore\4.4.16\httpcore-4.4.16.jar;F:\apache-maven-3.9.9-bin\apache-maven-3.9.9\repo\commons-logging\commons-logging\1.2\commons-logging-1.2.jar;F:\apache-maven-3.9.9-bin\apache-maven-3.9.9\repo\commons-codec\commons-codec\1.17.2\commons-codec-1.17.2.jar;F:\apache-maven-3.9.9-bin\apache-maven-3.9.9\repo\org\jdom\jdom2\2.0.6.1\jdom2-2.0.6.1.jar;F:\apache-maven-3.9.9-bin\apache-maven-3.9.9\repo\org\codehaus\jettison\jettison\1.5.4\jettison-1.5.4.jar;F:\apache-maven-3.9.9-bin\apache-maven-3.9.9\repo\com\aliyun\aliyun-java-sdk-core\4.5.10\aliyun-java-sdk-core-4.5.10.jar;F:\apache-maven-3.9.9-bin\apache-maven-3.9.9\repo\com\google\code\gson\gson\2.11.0\gson-2.11.0.jar;F:\apache-maven-3.9.9-bin\apache-maven-3.9.9\repo\com\google\errorprone\error_prone_annotations\2.27.0\error_prone_annotations-2.27.0.jar;F:\apache-maven-3.9.9-bin\apache-maven-3.9.9\repo\org\jacoco\org.jacoco.agent\0.8.5\org.jacoco.agent-0.8.5-runtime.jar;F:\apache-maven-3.9.9-bin\apache-maven-3.9.9\repo\org\ini4j\ini4j\0.5.4\ini4j-0.5.4.jar;F:\apache-maven-3.9.9-bin\apache-maven-3.9.9\repo\io\opentracing\opentracing-api\0.33.0\opentracing-api-0.33.0.jar;F:\apache-maven-3.9.9-bin\apache-maven-3.9.9\repo\io\opentracing\opentracing-util\0.33.0\opentracing-util-0.33.0.jar;F:\apache-maven-3.9.9-bin\apache-maven-3.9.9\repo\io\opentracing\opentracing-noop\0.33.0\opentracing-noop-0.33.0.jar;F:\apache-maven-3.9.9-bin\apache-maven-3.9.9\repo\com\aliyun\aliyun-java-sdk-ram\3.1.0\aliyun-java-sdk-ram-3.1.0.jar;F:\apache-maven-3.9.9-bin\apache-maven-3.9.9\repo\com\aliyun\aliyun-java-sdk-kms\2.11.0\aliyun-java-sdk-kms-2.11.0.jar;F:\apache-maven-3.9.9-bin\apache-maven-3.9.9\repo\javax\xml\bind\jaxb-api\2.3.1\jaxb-api-2.3.1.jar;F:\apache-maven-3.9.9-bin\apache-maven-3.9.9\repo\javax\activation\javax.activation-api\1.2.0\javax.activation-api-1.2.0.jar;F:\apache-maven-3.9.9-bin\apache-maven-3.9.9\repo\javax\activation\activation\1.1.1\activation-1.1.1.jar;F:\apache-maven-3.9.9-bin\apache-maven-3.9.9\repo\org\glassfish\jaxb\jaxb-runtime\2.3.3\jaxb-runtime-2.3.3.jar;F:\apache-maven-3.9.9-bin\apache-maven-3.9.9\repo\org\glassfish\jaxb\txw2\4.0.5\txw2-4.0.5.jar;F:\apache-maven-3.9.9-bin\apache-maven-3.9.9\repo\com\sun\istack\istack-commons-runtime\4.1.2\istack-commons-runtime-4.1.2.jar;F:\apache-maven-3.9.9-bin\apache-maven-3.9.9\repo\com\sun\activation\jakarta.activation\1.2.2\jakarta.activation-1.2.2.jar;F:\apache-maven-3.9.9-bin\apache-maven-3.9.9\repo\io\jsonwebtoken\jjwt\0.9.1\jjwt-0.9.1.jar;F:\apache-maven-3.9.9-bin\apache-maven-3.9.9\repo\com\fasterxml\jackson\core\jackson-databind\2.18.2\jackson-databind-2.18.2.jar;F:\apache-maven-3.9.9-bin\apache-maven-3.9.9\repo\com\fasterxml\jackson\core\jackson-annotations\2.18.2\jackson-annotations-2.18.2.jar;F:\apache-maven-3.9.9-bin\apache-maven-3.9.9\repo\com\fasterxml\jackson\core\jackson-core\2.18.2\jackson-core-2.18.2.jar;F:\apache-maven-3.9.9-bin\apache-maven-3.9.9\repo\org\springframework\boot\spring-boot-starter-aop\3.4.2\spring-boot-starter-aop-3.4.2.jar;F:\apache-maven-3.9.9-bin\apache-maven-3.9.9\repo\org\springframework\spring-aop\6.2.2\spring-aop-6.2.2.jar;F:\apache-maven-3.9.9-bin\apache-maven-3.9.9\repo\org\aspectj\aspectjweaver\1.9.22.1\aspectjweaver-1.9.22.1.jar;"/>
    <property name="sun.cpu.endian" value="little"/>
    <property name="user.home" value="C:\Users\Xie"/>
    <property name="user.language" value="zh"/>
    <property name="java.specification.vendor" value="Oracle Corporation"/>
    <property name="java.version.date" value="2024-10-15"/>
    <property name="java.home" value="F:\Java"/>
    <property name="file.separator" value="\"/>
    <property name="basedir" value="F:\YilenaCode\Project of Yliena\YilenaStudySystem"/>
    <property name="java.vm.compressedOopsMode" value="Zero based"/>
    <property name="line.separator" value="&#10;"/>
    <property name="java.vm.specification.vendor" value="Oracle Corporation"/>
    <property name="java.specification.name" value="Java Platform API Specification"/>
    <property name="FILE_LOG_CHARSET" value="UTF-8"/>
    <property name="java.awt.headless" value="true"/>
    <property name="surefire.real.class.path" value="C:\Users\Xie\AppData\Local\Temp\surefire16483419223171521631\surefirebooter-20250210141835365_3.jar"/>
    <property name="user.script" value=""/>
    <property name="sun.management.compiler" value="HotSpot 64-Bit Tiered Compilers"/>
    <property name="java.runtime.version" value="23.0.1+11-39"/>
    <property name="user.name" value="Xie"/>
    <property name="stdout.encoding" value="GBK"/>
    <property name="path.separator" value=";"/>
    <property name="os.version" value="10.0"/>
    <property name="java.runtime.name" value="Java(TM) SE Runtime Environment"/>
    <property name="file.encoding" value="UTF-8"/>
    <property name="java.vm.name" value="Java HotSpot(TM) 64-Bit Server VM"/>
    <property name="localRepository" value="F:\apache-maven-3.9.9-bin\apache-maven-3.9.9\repo"/>
    <property name="java.vendor.url.bug" value="https://bugreport.java.com/bugreport/"/>
    <property name="java.io.tmpdir" value="C:\Users\Xie\AppData\Local\Temp\"/>
    <property name="idea.version" value="2024.2.4"/>
    <property name="java.version" value="23.0.1"/>
    <property name="user.dir" value="F:\YilenaCode\Project of Yliena\YilenaStudySystem"/>
    <property name="os.arch" value="amd64"/>
    <property name="java.vm.specification.name" value="Java Virtual Machine Specification"/>
    <property name="PID" value="33856"/>
    <property name="sun.os.patch.level" value=""/>
    <property name="CONSOLE_LOG_CHARSET" value="UTF-8"/>
    <property name="native.encoding" value="GBK"/>
    <property name="java.library.path" value="F:\Java\bin;C:\WINDOWS\Sun\Java\bin;C:\WINDOWS\system32;C:\WINDOWS;C:\Program Files\Common Files\Oracle\Java\javapath;C:\WINDOWS\system32;C:\WINDOWS;C:\WINDOWS\System32\Wbem;C:\WINDOWS\System32\WindowsPowerShell\v1.0\;C:\WINDOWS\System32\OpenSSH\;C:\Program Files (x86)\NVIDIA Corporation\PhysX\Common;C:\Program Files\NVIDIA Corporation\NVIDIA NvDLISR;C:\Program Files\dotnet\;C:\Program Files (x86)\EasyShare\x86\;C:\Program Files (x86)\EasyShare\x64\;C:\Program Files (x86)\Windows Kits\10\Windows Performance Toolkit\;%MAVEN_HOME%\bin;F:\NodeJS\;F:\NodeJS;F:\Git\cmd;F:\MySQL\MySQL Shell 8.0\bin\;F:\apache-maven-3.9.9-bin\apache-maven-3.9.9\bin;C:\Users\Xie\AppData\Local\Microsoft\WindowsApps;F:\Java\IntelliJ IDEA Community Edition 2024.1\bin;;F:\Java\IntelliJ IDEA 2024.2.4\bin;;;F:\DataGrip 2024.1.4\bin;;F:\Microsoft VS Code\bin;C:\Users\Xie\AppData\Roaming\npm;."/>
    <property name="java.vm.info" value="mixed mode, sharing"/>
    <property name="stderr.encoding" value="GBK"/>
    <property name="java.vendor" value="Oracle Corporation"/>
    <property name="java.vm.version" value="23.0.1+11-39"/>
    <property name="sun.io.unicode.encoding" value="UnicodeLittle"/>
    <property name="maven.repo.local" value="F:\apache-maven-3.9.9-bin\apache-maven-3.9.9\repo"/>
    <property name="java.class.version" value="67.0"/>
    <property name="LOGGED_APPLICATION_NAME" value="[YYS-PROJECT-MAIN] "/>
  </properties>
  <testcase name="contextLoads" classname="com.yilena.yilenastudysystem.YilenaStudySystemApplicationTests" time="0.672">
    <system-out><![CDATA[2025-02-10 14:18:36.083 [main] INFO  o.s.t.c.support.AnnotationConfigContextLoaderUtils-Could not detect default configuration classes for test class [com.yilena.yilenastudysystem.YilenaStudySystemApplicationTests]: YilenaStudySystemApplicationTests does not declare any static, non-private, non-final, nested classes annotated with @Configuration.
2025-02-10 14:18:36.188 [main] INFO  o.s.b.t.context.SpringBootTestContextBootstrapper-Found @SpringBootConfiguration com.yilena.yilenastudysystem.YilenaStudySystemApplication for test class com.yilena.yilenastudysystem.YilenaStudySystemApplicationTests

  .   ____          _            __ _ _
 /\\ / ___'_ __ _ _(_)_ __  __ _ \ \ \ \
( ( )\___ | '_ | '_| | '_ \/ _` | \ \ \ \
 \\/  ___)| |_)| | | | | || (_| |  ) ) ) )
  '  |____| .__|_| |_|_| |_\__, | / / / /
 =========|_|==============|___/=/_/_/_/

 :: Spring Boot ::                (v3.4.2)

2025-02-10 14:18:36.488 [main] INFO  c.y.y.YilenaStudySystemApplicationTests-Starting YilenaStudySystemApplicationTests using Java 23.0.1 with PID 33856 (started by Xie in F:\YilenaCode\Project of Yliena\YilenaStudySystem)
2025-02-10 14:18:36.489 [main] INFO  c.y.y.YilenaStudySystemApplicationTests-No active profile set, falling back to 1 default profile: "default"
Logging initialized using 'class org.apache.ibatis.logging.stdout.StdOutImpl' adapter.


,------.                           ,--.  ,--.         ,--.                         
|  .--. '  ,--,--.  ,---.   ,---.  |  '--'  |  ,---.  |  |  ,---.   ,---.  ,--.--. 
|  '--' | ' ,-.  | | .-. | | .-. : |  .--.  | | .-. : |  | | .-. | | .-. : |  .--' 
|  | --'  \ '-'  | ' '-' ' \   --. |  |  |  | \   --. |  | | '-' ' \   --. |  |    
`--'       `--`--' .`-  /   `----' `--'  `--'  `----' `--' |  |-'   `----' `--'    
                   `---'                                   `--'                        is intercepting.

2025-02-10 14:18:38.561 [main] INFO  c.y.y.YilenaStudySystemApplicationTests-Started YilenaStudySystemApplicationTests in 2.279 seconds (process running for 3.09)
]]></system-out>
    <system-err><![CDATA[Mockito is currently self-attaching to enable the inline-mock-maker. This will no longer work in future releases of the JDK. Please add Mockito as an agent to your build what is described in Mockito's documentation: https://javadoc.io/doc/org.mockito/mockito-core/latest/org/mockito/Mockito.html#0.3
WARNING: A Java agent has been loaded dynamically (F:\apache-maven-3.9.9-bin\apache-maven-3.9.9\repo\net\bytebuddy\byte-buddy-agent\1.15.11\byte-buddy-agent-1.15.11.jar)
WARNING: If a serviceability tool is in use, please run with -XX:+EnableDynamicAgentLoading to hide this warning
WARNING: If a serviceability tool is not in use, please run with -Djdk.instrument.traceUsage for more information
WARNING: Dynamic loading of agents will be disallowed by default in a future release
]]></system-err>
  </testcase>
</testsuite>